Flow report for osc
Tue May 06 19:43:28 2014
Quartus II 64-Bit Version 13.1.0 Build 162 10/23/2013 SJ Web Edition


---------------------
; Table of Contents ;
---------------------
  1. Legal Notice
  2. Flow Summary
  3. Flow Settings
  4. Flow Non-Default Global Settings
  5. Flow Elapsed Time
  6. Flow OS Summary
  7. Flow Log
  8. Flow Messages
  9. Flow Suppressed Messages



----------------
; Legal Notice ;
----------------
Copyright (C) 1991-2013 Altera Corporation
Your use of Altera Corporation's design tools, logic functions 
and other software and tools, and its AMPP partner logic 
functions, and any output files from any of the foregoing 
(including device programming or simulation files), and any 
associated documentation or information are expressly subject 
to the terms and conditions of the Altera Program License 
Subscription Agreement, Altera MegaCore Function License 
Agreement, or other applicable license agreement, including, 
without limitation, that your use is for the sole purpose of 
programming logic devices manufactured by Altera and sold by 
Altera or its authorized distributors.  Please refer to the 
applicable agreement for further details.



+---------------------------------------------------------------------------------+
; Flow Summary                                                                    ;
+------------------------------------+--------------------------------------------+
; Flow Status                        ; Successful - Tue May 06 19:43:28 2014      ;
; Quartus II 64-Bit Version          ; 13.1.0 Build 162 10/23/2013 SJ Web Edition ;
; Revision Name                      ; osc                                        ;
; Top-level Entity Name              ; osc                                        ;
; Family                             ; Cyclone III                                ;
; Device                             ; EP3C25Q240C8                               ;
; Timing Models                      ; Final                                      ;
; Total logic elements               ; 2,025 / 24,624 ( 8 % )                     ;
;     Total combinational functions  ; 1,941 / 24,624 ( 8 % )                     ;
;     Dedicated logic registers      ; 1,083 / 24,624 ( 4 % )                     ;
; Total registers                    ; 1083                                       ;
; Total pins                         ; 29 / 149 ( 19 % )                          ;
; Total virtual pins                 ; 0                                          ;
; Total memory bits                  ; 272,384 / 608,256 ( 45 % )                 ;
; Embedded Multiplier 9-bit elements ; 0 / 132 ( 0 % )                            ;
; Total PLLs                         ; 0 / 4 ( 0 % )                              ;
+------------------------------------+--------------------------------------------+


+-----------------------------------------+
; Flow Settings                           ;
+-------------------+---------------------+
; Option            ; Setting             ;
+-------------------+---------------------+
; Start date & time ; 05/06/2014 19:42:34 ;
; Main task         ; Compilation         ;
; Revision Name     ; osc                 ;
+-------------------+---------------------+


+-----------------------------------------------------------------------------------------------------------------------------------------------------------------------+
; Flow Non-Default Global Settings                                                                                                                                      ;
+-------------------------------------+--------------------------------------------------------+---------------+---------------------------------------+----------------+
; Assignment Name                     ; Value                                                  ; Default Value ; Entity Name                           ; Section Id     ;
+-------------------------------------+--------------------------------------------------------+---------------+---------------------------------------+----------------+
; COMPILER_SIGNATURE_ID               ; 163683362755794.139943055411252                        ; --            ; --                                    ; --             ;
; EDA_OUTPUT_DATA_FORMAT              ; Vhdl                                                   ; --            ; --                                    ; eda_simulation ;
; EDA_SIMULATION_TOOL                 ; ModelSim-Altera (VHDL)                                 ; <None>        ; --                                    ; --             ;
; IP_TOOL_ENV                         ; Qsys                                                   ; --            ; altera_avalon_sc_fifo                 ; --             ;
; IP_TOOL_ENV                         ; Qsys                                                   ; --            ; altera_merlin_burst_adapter           ; --             ;
; IP_TOOL_ENV                         ; Qsys                                                   ; --            ; altera_merlin_master_agent            ; --             ;
; IP_TOOL_ENV                         ; Qsys                                                   ; --            ; altera_merlin_master_translator       ; --             ;
; IP_TOOL_ENV                         ; Qsys                                                   ; --            ; altera_merlin_slave_agent             ; --             ;
; IP_TOOL_ENV                         ; Qsys                                                   ; --            ; altera_merlin_slave_translator        ; --             ;
; IP_TOOL_ENV                         ; Qsys                                                   ; --            ; altera_merlin_width_adapter           ; --             ;
; IP_TOOL_ENV                         ; Qsys                                                   ; --            ; altera_reset_controller               ; --             ;
; IP_TOOL_ENV                         ; Qsys                                                   ; --            ; altera_tristate_controller_aggregator ; --             ;
; IP_TOOL_ENV                         ; Qsys                                                   ; --            ; altera_tristate_controller_translator ; --             ;
; IP_TOOL_ENV                         ; Qsys                                                   ; --            ; proc                                  ; --             ;
; IP_TOOL_ENV                         ; Qsys                                                   ; --            ; proc_BRIDGE                           ; --             ;
; IP_TOOL_ENV                         ; Qsys                                                   ; --            ; proc_ONCHIP_mem                       ; --             ;
; IP_TOOL_ENV                         ; Qsys                                                   ; --            ; proc_PIN_share                        ; --             ;
; IP_TOOL_ENV                         ; Qsys                                                   ; --            ; proc_PIN_share_arbiter                ; --             ;
; IP_TOOL_ENV                         ; Qsys                                                   ; --            ; proc_PIN_share_pin_sharer             ; --             ;
; IP_TOOL_ENV                         ; Qsys                                                   ; --            ; proc_PROC                             ; --             ;
; IP_TOOL_ENV                         ; Qsys                                                   ; --            ; proc_RAM_ctrl                         ; --             ;
; IP_TOOL_ENV                         ; Qsys                                                   ; --            ; proc_ROM_ctrl                         ; --             ;
; IP_TOOL_ENV                         ; Qsys                                                   ; --            ; proc_irq_mapper                       ; --             ;
; IP_TOOL_ENV                         ; Qsys                                                   ; --            ; proc_mm_interconnect_0                ; --             ;
; IP_TOOL_ENV                         ; Qsys                                                   ; --            ; proc_mm_interconnect_0_addr_router    ; --             ;
; IP_TOOL_ENV                         ; Qsys                                                   ; --            ; proc_mm_interconnect_0_cmd_xbar_demux ; --             ;
; IP_TOOL_ENV                         ; Qsys                                                   ; --            ; proc_mm_interconnect_0_cmd_xbar_mux   ; --             ;
; IP_TOOL_ENV                         ; Qsys                                                   ; --            ; proc_mm_interconnect_0_id_router      ; --             ;
; IP_TOOL_ENV                         ; Qsys                                                   ; --            ; proc_mm_interconnect_0_id_router_001  ; --             ;
; IP_TOOL_ENV                         ; Qsys                                                   ; --            ; proc_mm_interconnect_0_rsp_xbar_demux ; --             ;
; IP_TOOL_ENV                         ; Qsys                                                   ; --            ; proc_mm_interconnect_0_rsp_xbar_mux   ; --             ;
; IP_TOOL_ENV                         ; Qsys                                                   ; --            ; proc_sysid_qsys_0                     ; --             ;
; IP_TOOL_NAME                        ; altera_avalon_sc_fifo                                  ; --            ; altera_avalon_sc_fifo                 ; --             ;
; IP_TOOL_NAME                        ; altera_merlin_burst_adapter                            ; --            ; altera_merlin_burst_adapter           ; --             ;
; IP_TOOL_NAME                        ; altera_merlin_master_agent                             ; --            ; altera_merlin_master_agent            ; --             ;
; IP_TOOL_NAME                        ; altera_merlin_master_translator                        ; --            ; altera_merlin_master_translator       ; --             ;
; IP_TOOL_NAME                        ; altera_merlin_slave_agent                              ; --            ; altera_merlin_slave_agent             ; --             ;
; IP_TOOL_NAME                        ; altera_merlin_slave_translator                         ; --            ; altera_merlin_slave_translator        ; --             ;
; IP_TOOL_NAME                        ; altera_merlin_width_adapter                            ; --            ; altera_merlin_width_adapter           ; --             ;
; IP_TOOL_NAME                        ; altera_reset_controller                                ; --            ; altera_reset_controller               ; --             ;
; IP_TOOL_NAME                        ; altera_tristate_controller_aggregator                  ; --            ; altera_tristate_controller_aggregator ; --             ;
; IP_TOOL_NAME                        ; altera_tristate_controller_translator                  ; --            ; altera_tristate_controller_translator ; --             ;
; IP_TOOL_NAME                        ; Qsys                                                   ; --            ; proc                                  ; --             ;
; IP_TOOL_NAME                        ; altera_tristate_conduit_bridge                         ; --            ; proc_BRIDGE                           ; --             ;
; IP_TOOL_NAME                        ; altera_avalon_onchip_memory2                           ; --            ; proc_ONCHIP_mem                       ; --             ;
; IP_TOOL_NAME                        ; altera_tristate_conduit_pin_sharer                     ; --            ; proc_PIN_share                        ; --             ;
; IP_TOOL_NAME                        ; altera_merlin_std_arbitrator                           ; --            ; proc_PIN_share_arbiter                ; --             ;
; IP_TOOL_NAME                        ; altera_tristate_conduit_pin_sharer_core                ; --            ; proc_PIN_share_pin_sharer             ; --             ;
; IP_TOOL_NAME                        ; altera_nios2_qsys                                      ; --            ; proc_PROC                             ; --             ;
; IP_TOOL_NAME                        ; altera_generic_tristate_controller                     ; --            ; proc_RAM_ctrl                         ; --             ;
; IP_TOOL_NAME                        ; altera_generic_tristate_controller                     ; --            ; proc_ROM_ctrl                         ; --             ;
; IP_TOOL_NAME                        ; altera_irq_mapper                                      ; --            ; proc_irq_mapper                       ; --             ;
; IP_TOOL_NAME                        ; altera_merlin_interconnect_wrapper                     ; --            ; proc_mm_interconnect_0                ; --             ;
; IP_TOOL_NAME                        ; altera_merlin_router                                   ; --            ; proc_mm_interconnect_0_addr_router    ; --             ;
; IP_TOOL_NAME                        ; altera_merlin_demultiplexer                            ; --            ; proc_mm_interconnect_0_cmd_xbar_demux ; --             ;
; IP_TOOL_NAME                        ; altera_merlin_multiplexer                              ; --            ; proc_mm_interconnect_0_cmd_xbar_mux   ; --             ;
; IP_TOOL_NAME                        ; altera_merlin_router                                   ; --            ; proc_mm_interconnect_0_id_router      ; --             ;
; IP_TOOL_NAME                        ; altera_merlin_router                                   ; --            ; proc_mm_interconnect_0_id_router_001  ; --             ;
; IP_TOOL_NAME                        ; altera_merlin_demultiplexer                            ; --            ; proc_mm_interconnect_0_rsp_xbar_demux ; --             ;
; IP_TOOL_NAME                        ; altera_merlin_multiplexer                              ; --            ; proc_mm_interconnect_0_rsp_xbar_mux   ; --             ;
; IP_TOOL_NAME                        ; altera_avalon_sysid_qsys                               ; --            ; proc_sysid_qsys_0                     ; --             ;
; IP_TOOL_VERSION                     ; 13.1                                                   ; --            ; altera_avalon_sc_fifo                 ; --             ;
; IP_TOOL_VERSION                     ; 13.1                                                   ; --            ; altera_merlin_burst_adapter           ; --             ;
; IP_TOOL_VERSION                     ; 13.1                                                   ; --            ; altera_merlin_master_agent            ; --             ;
; IP_TOOL_VERSION                     ; 13.1                                                   ; --            ; altera_merlin_master_translator       ; --             ;
; IP_TOOL_VERSION                     ; 13.1                                                   ; --            ; altera_merlin_slave_agent             ; --             ;
; IP_TOOL_VERSION                     ; 13.1                                                   ; --            ; altera_merlin_slave_translator        ; --             ;
; IP_TOOL_VERSION                     ; 13.1                                                   ; --            ; altera_merlin_width_adapter           ; --             ;
; IP_TOOL_VERSION                     ; 13.1                                                   ; --            ; altera_reset_controller               ; --             ;
; IP_TOOL_VERSION                     ; 13.1                                                   ; --            ; altera_tristate_controller_aggregator ; --             ;
; IP_TOOL_VERSION                     ; 13.1                                                   ; --            ; altera_tristate_controller_translator ; --             ;
; IP_TOOL_VERSION                     ; 13.1                                                   ; --            ; proc                                  ; --             ;
; IP_TOOL_VERSION                     ; 13.1                                                   ; --            ; proc_BRIDGE                           ; --             ;
; IP_TOOL_VERSION                     ; 13.1                                                   ; --            ; proc_ONCHIP_mem                       ; --             ;
; IP_TOOL_VERSION                     ; 13.1                                                   ; --            ; proc_PIN_share                        ; --             ;
; IP_TOOL_VERSION                     ; 13.1                                                   ; --            ; proc_PIN_share_arbiter                ; --             ;
; IP_TOOL_VERSION                     ; 13.1                                                   ; --            ; proc_PIN_share_pin_sharer             ; --             ;
; IP_TOOL_VERSION                     ; 13.1                                                   ; --            ; proc_PROC                             ; --             ;
; IP_TOOL_VERSION                     ; 13.1                                                   ; --            ; proc_RAM_ctrl                         ; --             ;
; IP_TOOL_VERSION                     ; 13.1                                                   ; --            ; proc_ROM_ctrl                         ; --             ;
; IP_TOOL_VERSION                     ; 13.1                                                   ; --            ; proc_irq_mapper                       ; --             ;
; IP_TOOL_VERSION                     ; 13.1                                                   ; --            ; proc_mm_interconnect_0                ; --             ;
; IP_TOOL_VERSION                     ; 13.1                                                   ; --            ; proc_mm_interconnect_0_addr_router    ; --             ;
; IP_TOOL_VERSION                     ; 13.1                                                   ; --            ; proc_mm_interconnect_0_cmd_xbar_demux ; --             ;
; IP_TOOL_VERSION                     ; 13.1                                                   ; --            ; proc_mm_interconnect_0_cmd_xbar_mux   ; --             ;
; IP_TOOL_VERSION                     ; 13.1                                                   ; --            ; proc_mm_interconnect_0_id_router      ; --             ;
; IP_TOOL_VERSION                     ; 13.1                                                   ; --            ; proc_mm_interconnect_0_id_router_001  ; --             ;
; IP_TOOL_VERSION                     ; 13.1                                                   ; --            ; proc_mm_interconnect_0_rsp_xbar_demux ; --             ;
; IP_TOOL_VERSION                     ; 13.1                                                   ; --            ; proc_mm_interconnect_0_rsp_xbar_mux   ; --             ;
; IP_TOOL_VERSION                     ; 13.1                                                   ; --            ; proc_sysid_qsys_0                     ; --             ;
; MAX_CORE_JUNCTION_TEMP              ; 85                                                     ; --            ; --                                    ; --             ;
; MIN_CORE_JUNCTION_TEMP              ; 0                                                      ; --            ; --                                    ; --             ;
; MISC_FILE                           ; proc/synthesis/../../proc.cmp                          ; --            ; --                                    ; --             ;
; MISC_FILE                           ; proc/synthesis/../../proc.qsys                         ; --            ; --                                    ; --             ;
; OUTPUT_IO_TIMING_FAR_END_VMEAS      ; Half Signal Swing                                      ; --            ; --                                    ; --             ;
; OUTPUT_IO_TIMING_FAR_END_VMEAS      ; Half Signal Swing                                      ; --            ; --                                    ; --             ;
; OUTPUT_IO_TIMING_NEAR_END_VMEAS     ; Half Vccio                                             ; --            ; --                                    ; --             ;
; OUTPUT_IO_TIMING_NEAR_END_VMEAS     ; Half Vccio                                             ; --            ; --                                    ; --             ;
; PARTITION_COLOR                     ; 16764057                                               ; --            ; --                                    ; Top            ;
; PARTITION_FITTER_PRESERVATION_LEVEL ; PLACEMENT_AND_ROUTING                                  ; --            ; --                                    ; Top            ;
; PARTITION_NETLIST_TYPE              ; SOURCE                                                 ; --            ; --                                    ; Top            ;
; PROJECT_OUTPUT_DIRECTORY            ; output_files                                           ; --            ; --                                    ; --             ;
; SLD_FILE                            ; proc/synthesis/proc.regmap                             ; --            ; --                                    ; --             ;
; SLD_FILE                            ; proc/synthesis/proc.debuginfo                          ; --            ; --                                    ; --             ;
; SLD_INFO                            ; QSYS_NAME proc HAS_SOPCINFO 1 GENERATION_ID 1399430520 ; --            ; proc                                  ; --             ;
; SOPCINFO_FILE                       ; proc/synthesis/../../proc.sopcinfo                     ; --            ; --                                    ; --             ;
; SYNTHESIS_ONLY_QIP                  ; On                                                     ; --            ; --                                    ; --             ;
+-------------------------------------+--------------------------------------------------------+---------------+---------------------------------------+----------------+


+-------------------------------------------------------------------------------------------------------------------------------+
; Flow Elapsed Time                                                                                                             ;
+---------------------------+--------------+-------------------------+---------------------+------------------------------------+
; Module Name               ; Elapsed Time ; Average Processors Used ; Peak Virtual Memory ; Total CPU Time (on all processors) ;
+---------------------------+--------------+-------------------------+---------------------+------------------------------------+
; Analysis & Synthesis      ; 00:00:15     ; 1.0                     ; 593 MB              ; 00:00:15                           ;
; Fitter                    ; 00:00:19     ; 1.0                     ; 773 MB              ; 00:00:18                           ;
; Assembler                 ; 00:00:02     ; 1.0                     ; 452 MB              ; 00:00:02                           ;
; TimeQuest Timing Analyzer ; 00:00:04     ; 1.0                     ; 516 MB              ; 00:00:04                           ;
; EDA Netlist Writer        ; 00:00:05     ; 1.0                     ; 436 MB              ; 00:00:05                           ;
; Total                     ; 00:00:45     ; --                      ; --                  ; 00:00:44                           ;
+---------------------------+--------------+-------------------------+---------------------+------------------------------------+


+----------------------------------------------------------------------------------------+
; Flow OS Summary                                                                        ;
+---------------------------+------------------+-----------+------------+----------------+
; Module Name               ; Machine Hostname ; OS Name   ; OS Version ; Processor type ;
+---------------------------+------------------+-----------+------------+----------------+
; Analysis & Synthesis      ; AG-HOME02        ; Windows 7 ; 6.1        ; x86_64         ;
; Fitter                    ; AG-HOME02        ; Windows 7 ; 6.1        ; x86_64         ;
; Assembler                 ; AG-HOME02        ; Windows 7 ; 6.1        ; x86_64         ;
; TimeQuest Timing Analyzer ; AG-HOME02        ; Windows 7 ; 6.1        ; x86_64         ;
; EDA Netlist Writer        ; AG-HOME02        ; Windows 7 ; 6.1        ; x86_64         ;
+---------------------------+------------------+-----------+------------+----------------+


------------
; Flow Log ;
------------
quartus_map --read_settings_files=on --write_settings_files=off osc -c osc
quartus_fit --read_settings_files=off --write_settings_files=off osc -c osc
quartus_asm --read_settings_files=off --write_settings_files=off osc -c osc
quartus_sta osc -c osc
quartus_eda --read_settings_files=off --write_settings_files=off osc -c osc



