Info: Starting: Create block symbol file (.bsf)
Info: ip-generate --project-directory=E:/agural/osc/ --output-directory=E:/agural/osc/proc/ --report-file=bsf:E:/agural/osc/proc.bsf --system-info=DEVICE_FAMILY="Cyclone III" --system-info=DEVICE=EP3C25Q240C8 --system-info=DEVICE_SPEEDGRADE=8 --component-file=E:/agural/osc/proc.qsys
Progress: Loading osc/proc.qsys
Progress: Reading input file
Progress: Adding SYSCLK [clock_source 13.1]
Progress: Parameterizing module SYSCLK
Progress: Adding PROC [altera_nios2_qsys 13.1]
Progress: Parameterizing module PROC
Progress: Adding RAM_ctrl [altera_generic_tristate_controller 13.1]
Progress: Parameterizing module RAM_ctrl
Progress: Adding ROM_ctrl [altera_generic_tristate_controller 13.1]
Progress: Parameterizing module ROM_ctrl
Progress: Adding PIN_share [altera_tristate_conduit_pin_sharer 13.1]
Progress: Parameterizing module PIN_share
Progress: Adding BRIDGE [altera_tristate_conduit_bridge 13.1]
Progress: Parameterizing module BRIDGE
Progress: Adding ONCHIP_mem [altera_avalon_onchip_memory2 13.1]
Progress: Parameterizing module ONCHIP_mem
Progress: Building connections
Progress: Parameterizing connections
Progress: Validating
Progress: Done reading input file
Info: ip-generate succeeded.
Info: Finished: Create block symbol file (.bsf)
Info: 
Info: Starting: Create HDL design files for synthesis
Info: ip-generate --project-directory=E:/agural/osc/ --output-directory=E:/agural/osc/proc/synthesis/ --file-set=QUARTUS_SYNTH --report-file=html:E:/agural/osc/proc.html --report-file=sopcinfo:E:/agural/osc/proc.sopcinfo --report-file=cmp:E:/agural/osc/proc.cmp --report-file=qip:E:/agural/osc/proc/synthesis/proc.qip --report-file=svd --report-file=regmap:E:/agural/osc/proc/synthesis/proc.regmap --report-file=debuginfo:E:/agural/osc/proc/synthesis/proc.debuginfo --system-info=DEVICE_FAMILY="Cyclone III" --system-info=DEVICE=EP3C25Q240C8 --system-info=DEVICE_SPEEDGRADE=8 --component-file=E:/agural/osc/proc.qsys --language=VHDL
Progress: Loading osc/proc.qsys
Progress: Reading input file
Progress: Adding SYSCLK [clock_source 13.1]
Progress: Parameterizing module SYSCLK
Progress: Adding PROC [altera_nios2_qsys 13.1]
Progress: Parameterizing module PROC
Progress: Adding RAM_ctrl [altera_generic_tristate_controller 13.1]
Progress: Parameterizing module RAM_ctrl
Progress: Adding ROM_ctrl [altera_generic_tristate_controller 13.1]
Progress: Parameterizing module ROM_ctrl
Progress: Adding PIN_share [altera_tristate_conduit_pin_sharer 13.1]
Progress: Parameterizing module PIN_share
Progress: Adding BRIDGE [altera_tristate_conduit_bridge 13.1]
Progress: Parameterizing module BRIDGE
Progress: Adding ONCHIP_mem [altera_avalon_onchip_memory2 13.1]
Progress: Parameterizing module ONCHIP_mem
Progress: Building connections
Progress: Parameterizing connections
Progress: Validating
Progress: Done reading input file
Info: proc: Generating proc "proc" for QUARTUS_SYNTH
Info: pipeline_bridge_swap_transform: After transform: 3 modules, 11 connections
Info: No custom instruction connections, skipping transform 
Info: merlin_initial_interconnect_transform: After transform: 3 modules, 10 connections
Info: merlin_translator_transform: After transform: 7 modules, 26 connections
Info: merlin_domain_transform: After transform: 14 modules, 70 connections
Info: merlin_router_transform: After transform: 18 modules, 86 connections
Info: merlin_burst_transform: After transform: 19 modules, 90 connections
Info: merlin_network_to_switch_transform: After transform: 26 modules, 110 connections
Info: merlin_width_transform: After transform: 28 modules, 118 connections
Info: merlin_clock_and_reset_bridge_transform: After transform: 30 modules, 147 connections
Info: merlin_hierarchy_transform: After transform: 4 modules, 14 connections
Info: merlin_mm_transform: After transform: 4 modules, 14 connections
Info: merlin_interrupt_mapper_transform: After transform: 5 modules, 18 connections
Info: reset_adaptation_transform: After transform: 7 modules, 20 connections
Info: PROC: Starting RTL generation for module 'proc_PROC'
Info: PROC:   Generation command is [exec C:/altera/13.1/quartus/bin/eperlcmd.exe -I C:/altera/13.1/quartus/bin/perl/lib -I C:/altera/13.1/quartus/sopc_builder/bin/europa -I C:/altera/13.1/quartus/sopc_builder/bin/perl_lib -I C:/altera/13.1/quartus/sopc_builder/bin -I C:/altera/13.1/quartus/../ip/altera/nios2_ip/altera_nios2/cpu_lib -I C:/altera/13.1/quartus/../ip/altera/nios2_ip/altera_nios2/nios_lib -I C:/altera/13.1/quartus/../ip/altera/nios2_ip/altera_nios2 -I C:/altera/13.1/quartus/../ip/altera/nios2_ip/altera_nios2 -- C:/altera/13.1/quartus/../ip/altera/nios2_ip/altera_nios2/generate_rtl.epl --name=proc_PROC --dir=D:/temp/alt6194_5472083440333806112.dir/0157_PROC_gen/ --quartus_dir=C:/altera/13.1/quartus --verilog --config=D:/temp/alt6194_5472083440333806112.dir/0157_PROC_gen//proc_PROC_processor_configuration.pl  --do_build_sim=0  ]
Info: PROC: # 2014.05.04 15:46:43 (*) Starting Nios II generation
Info: PROC: # 2014.05.04 15:46:43 (*)   Checking for plaintext license.
Info: PROC: # 2014.05.04 15:46:44 (*)   Couldn't query license setup in Quartus directory C:/altera/13.1/quartus
Info: PROC: # 2014.05.04 15:46:44 (*)   Defaulting to contents of LM_LICENSE_FILE environment variable
Info: PROC: # 2014.05.04 15:46:44 (*)   Plaintext license not found.
Info: PROC: # 2014.05.04 15:46:44 (*)   No license required to generate encrypted Nios II/e.
Info: PROC: # 2014.05.04 15:46:44 (*)   Elaborating CPU configuration settings
Info: PROC: # 2014.05.04 15:46:44 (*)   Creating all objects for CPU
Info: PROC: # 2014.05.04 15:46:45 (*)   Generating RTL from CPU objects
Info: PROC: # 2014.05.04 15:46:45 (*)   Creating plain-text RTL
Info: PROC: # 2014.05.04 15:46:47 (*) Done Nios II generation
Info: PROC: Done RTL generation for module 'proc_PROC'
Info: PROC: "proc" instantiated altera_nios2_qsys "PROC"
Info: ONCHIP_mem: Starting RTL generation for module 'proc_ONCHIP_mem'
Info: ONCHIP_mem:   Generation command is [exec C:/altera/13.1/quartus/bin/perl/bin/perl.exe -I C:/altera/13.1/quartus/bin/perl/lib -I C:/altera/13.1/quartus/sopc_builder/bin/europa -I C:/altera/13.1/quartus/sopc_builder/bin/perl_lib -I C:/altera/13.1/quartus/sopc_builder/bin -I C:/altera/13.1/quartus/../ip/altera/sopc_builder_ip/common -I C:/altera/13.1/quartus/../ip/altera/sopc_builder_ip/altera_avalon_onchip_memory2 -- C:/altera/13.1/quartus/../ip/altera/sopc_builder_ip/altera_avalon_onchip_memory2/generate_rtl.pl --name=proc_ONCHIP_mem --dir=D:/temp/alt6194_5472083440333806112.dir/0158_ONCHIP_mem_gen/ --quartus_dir=C:/altera/13.1/quartus --verilog --config=D:/temp/alt6194_5472083440333806112.dir/0158_ONCHIP_mem_gen//proc_ONCHIP_mem_component_configuration.pl  --do_build_sim=0  ]
Info: ONCHIP_mem: Done RTL generation for module 'proc_ONCHIP_mem'
Info: ONCHIP_mem: "proc" instantiated altera_avalon_onchip_memory2 "ONCHIP_mem"
Info: pipeline_bridge_swap_transform: After transform: 27 modules, 84 connections
Info: No custom instruction connections, skipping transform 
Info: merlin_initial_interconnect_transform: After transform: 0 modules, 0 connections
Info: No Avalon connections, skipping transform 
Info: merlin_hierarchy_transform: After transform: 27 modules, 84 connections
Info: merlin_initial_interconnect_transform: After transform: 0 modules, 0 connections
Info: No Avalon connections, skipping transform 
Info: merlin_hierarchy_transform: After transform: 27 modules, 84 connections
Info: merlin_initial_interconnect_transform: After transform: 0 modules, 0 connections
Info: No Avalon connections, skipping transform 
Info: merlin_hierarchy_transform: After transform: 27 modules, 84 connections
Info: merlin_initial_interconnect_transform: After transform: 0 modules, 0 connections
Info: No Avalon connections, skipping transform 
Info: merlin_hierarchy_transform: After transform: 27 modules, 84 connections
Info: mm_interconnect_0: "proc" instantiated altera_merlin_interconnect_wrapper "mm_interconnect_0"
Info: irq_mapper: "proc" instantiated altera_irq_mapper "irq_mapper"
Info: rst_controller: "proc" instantiated altera_reset_controller "rst_controller"
Info: PROC_instruction_master_translator: "mm_interconnect_0" instantiated altera_merlin_master_translator "PROC_instruction_master_translator"
Info: PROC_jtag_debug_module_translator: "mm_interconnect_0" instantiated altera_merlin_slave_translator "PROC_jtag_debug_module_translator"
Info: PROC_instruction_master_translator_avalon_universal_master_0_agent: "mm_interconnect_0" instantiated altera_merlin_master_agent "PROC_instruction_master_translator_avalon_universal_master_0_agent"
Info: PROC_jtag_debug_module_translator_avalon_universal_slave_0_agent: "mm_interconnect_0" instantiated altera_merlin_slave_agent "PROC_jtag_debug_module_translator_avalon_universal_slave_0_agent"
Info: PROC_jtag_debug_module_translator_avalon_universal_slave_0_agent_rsp_fifo: "mm_interconnect_0" instantiated altera_avalon_sc_fifo "PROC_jtag_debug_module_translator_avalon_universal_slave_0_agent_rsp_fifo"
Info: addr_router: "mm_interconnect_0" instantiated altera_merlin_router "addr_router"
Info: id_router: "mm_interconnect_0" instantiated altera_merlin_router "id_router"
Info: id_router_001: "mm_interconnect_0" instantiated altera_merlin_router "id_router_001"
Info: burst_adapter: "mm_interconnect_0" instantiated altera_merlin_burst_adapter "burst_adapter"
Info: cmd_xbar_demux: "mm_interconnect_0" instantiated altera_merlin_demultiplexer "cmd_xbar_demux"
Info: cmd_xbar_mux: "mm_interconnect_0" instantiated altera_merlin_multiplexer "cmd_xbar_mux"
Info: rsp_xbar_mux: "mm_interconnect_0" instantiated altera_merlin_multiplexer "rsp_xbar_mux"
Info: Reusing file E:/agural/osc/proc/synthesis/submodules/altera_merlin_arbitrator.sv
Info: width_adapter: "mm_interconnect_0" instantiated altera_merlin_width_adapter "width_adapter"
Info: Reusing file E:/agural/osc/proc/synthesis/submodules/altera_merlin_address_alignment.sv
Info: Reusing file E:/agural/osc/proc/synthesis/submodules/altera_merlin_burst_uncompressor.sv
Info: proc: Done "proc" with 19 modules, 34 files, 1247107 bytes
Info: ip-generate succeeded.
Info: Finished: Create HDL design files for synthesis
